2026-01-07 10:48:38,859 - INFO - Daten erfolgreich von Bank_Note_Data.csv geladen.
2026-01-07 10:48:38,861 - INFO - Starte Daten-Skalierung...
2026-01-07 10:48:38,862 - INFO - Starte MLPClassifier Training...
2026-01-07 10:48:39,111 - INFO - Training beendet in 0.2499 Sekunden.
2026-01-07 10:48:39,111 - INFO - Erstelle Vorhersagen...
2026-01-07 10:48:39,112 - INFO - Starte Daten-Skalierung...
2026-01-07 10:48:39,112 - INFO - Starte MLPClassifier Training...
2026-01-07 10:48:39,332 - INFO - Training beendet in 0.2203 Sekunden.
2026-01-07 10:51:41,864 - INFO - Daten erfolgreich von Bank_Note_Data.csv geladen.
2026-01-07 10:51:41,866 - INFO - Starte Daten-Skalierung...
2026-01-07 10:51:41,867 - INFO - Starte MLPClassifier Training...
2026-01-07 10:51:42,056 - INFO - Training beendet in 0.1902 Sekunden.
2026-01-07 10:51:42,056 - INFO - Erstelle Vorhersagen...
2026-01-07 10:51:42,058 - INFO - Starte Daten-Skalierung...
2026-01-07 10:51:42,059 - INFO - Starte MLPClassifier Training...
2026-01-07 10:51:42,225 - INFO - Training beendet in 0.1665 Sekunden.
2026-01-07 10:51:54,709 - INFO - Daten erfolgreich von Bank_Note_Data.csv geladen.
2026-01-07 10:51:54,711 - INFO - Starte Daten-Skalierung...
2026-01-07 10:51:54,711 - INFO - Starte MLPClassifier Training...
2026-01-07 10:51:54,903 - INFO - Training beendet in 0.1928 Sekunden.
2026-01-07 10:51:54,903 - INFO - Erstelle Vorhersagen...
2026-01-07 10:51:54,906 - INFO - Starte Daten-Skalierung...
2026-01-07 10:51:54,907 - INFO - Starte MLPClassifier Training...
2026-01-07 10:51:55,077 - INFO - Training beendet in 0.1715 Sekunden.
2026-01-07 11:33:24,763 - INFO - Daten erfolgreich von bank_note_data.csv geladen.
2026-01-07 11:33:24,780 - INFO - Starte Daten-Skalierung...
2026-01-07 11:33:24,781 - INFO - Starte MLPClassifier Training...
2026-01-07 11:33:24,950 - INFO - Training beendet in 0.1695 Sekunden.
2026-01-07 11:33:24,950 - INFO - Erstelle Vorhersagen...
2026-01-07 11:33:24,951 - INFO - Starte Daten-Skalierung...
2026-01-07 11:33:24,952 - INFO - Starte MLPClassifier Training...
2026-01-07 11:33:25,120 - INFO - Training beendet in 0.1685 Sekunden.
2026-01-07 11:52:08,276 - INFO - Daten erfolgreich von bank_note_data.csv geladen.
2026-01-07 11:52:08,277 - INFO - Starte Daten-Skalierung...
2026-01-07 11:52:08,278 - INFO - Starte MLPClassifier Training...
2026-01-07 11:52:08,439 - INFO - Training beendet in 0.1625 Sekunden.
2026-01-07 11:52:08,439 - INFO - Erstelle Vorhersagen...
2026-01-07 11:52:08,441 - INFO - Starte Daten-Skalierung...
2026-01-07 11:52:08,442 - INFO - Starte MLPClassifier Training...
2026-01-07 11:52:08,602 - INFO - Training beendet in 0.1617 Sekunden.
2026-01-07 12:14:35,935 - INFO - Ran with args: ('bank_note_data.csv',), and kwargs: {}
2026-01-07 12:14:35,950 - INFO - load_data ran in: 0.0152 sec
2026-01-07 12:14:35,955 - INFO - Ran with args: (      Image.Var  Image.Skew  Image.Curt  Entropy
77     0.049175     6.14370     1.78280 -0.72113
1072  -1.366000     0.18416     0.90539  1.58060
50     4.323900    -4.88350     3.43560 -0.57760
122   -1.457200     9.12140     1.74250 -5.12410
930   -2.221400    -0.23798     0.56008  0.05602
...         ...         ...         ...      ...
973    1.230900     3.89230    -4.82770 -4.00690
75     2.306600     3.53640     0.57551  0.41938
599    3.929200    -2.91560     2.21290  0.30817
1361  -1.573200     1.06360    -0.71232 -0.83880
863    0.202160     1.91820    -3.28280 -0.61768

[960 rows x 4 columns], 77      0
1072    1
50      0
122     0
930     1
       ..
973     1
75      0
599     0
1361    1
863     1
Name: Class, Length: 960, dtype: int64), and kwargs: {}
2026-01-07 12:14:36,121 - INFO - fit_model ran in: 0.1664 sec
2026-01-07 12:14:36,125 - INFO - Ran with args: (MLPClassifier(hidden_layer_sizes=(10, 20, 10), max_iter=500, random_state=101), StandardScaler(),       Image.Var  Image.Skew  Image.Curt   Entropy
194    -2.34100    12.37840     0.70403 -7.583600
622     5.04290    -0.52974     0.50439  1.106000
1063   -2.00660    -6.71900     9.01620  0.099985
390    -0.36279     8.28950    -1.92130 -3.333200
327     4.21640     9.46070    -4.92880 -5.236600
...         ...         ...         ...       ...
333     3.00090     5.81260    -2.23060 -0.665530
510     3.57700     2.40040     1.89080  0.732310
1217    0.61652     3.89440    -4.72750 -4.394800
1119   -1.43750    -1.86240     4.02600  0.551270
7       2.09220    -6.81000     8.46360 -0.602160

[412 rows x 4 columns]), and kwargs: {}
2026-01-07 12:14:36,126 - INFO - predict_model ran in: 0.0008 sec
2026-01-07 12:14:36,129 - INFO - Ran with args: (      Image.Var  Image.Skew  Image.Curt  Entropy
77     0.049175     6.14370     1.78280 -0.72113
1072  -1.366000     0.18416     0.90539  1.58060
50     4.323900    -4.88350     3.43560 -0.57760
122   -1.457200     9.12140     1.74250 -5.12410
930   -2.221400    -0.23798     0.56008  0.05602
...         ...         ...         ...      ...
973    1.230900     3.89230    -4.82770 -4.00690
75     2.306600     3.53640     0.57551  0.41938
599    3.929200    -2.91560     2.21290  0.30817
1361  -1.573200     1.06360    -0.71232 -0.83880
863    0.202160     1.91820    -3.28280 -0.61768

[960 rows x 4 columns], 77      0
1072    1
50      0
122     0
930     1
       ..
973     1
75      0
599     0
1361    1
863     1
Name: Class, Length: 960, dtype: int64), and kwargs: {}
2026-01-07 12:14:36,295 - INFO - fit_model ran in: 0.1659 sec
2026-01-07 13:27:31,349 - INFO - Ran with args: ('bank_note_data.csv',), and kwargs: {}
2026-01-07 13:27:31,369 - INFO - load_data ran in: 0.0197 sec
2026-01-07 13:27:31,373 - INFO - Ran with args: (      Image.Var  Image.Skew  Image.Curt  Entropy
77     0.049175     6.14370     1.78280 -0.72113
1072  -1.366000     0.18416     0.90539  1.58060
50     4.323900    -4.88350     3.43560 -0.57760
122   -1.457200     9.12140     1.74250 -5.12410
930   -2.221400    -0.23798     0.56008  0.05602
...         ...         ...         ...      ...
973    1.230900     3.89230    -4.82770 -4.00690
75     2.306600     3.53640     0.57551  0.41938
599    3.929200    -2.91560     2.21290  0.30817
1361  -1.573200     1.06360    -0.71232 -0.83880
863    0.202160     1.91820    -3.28280 -0.61768

[960 rows x 4 columns], 77      0
1072    1
50      0
122     0
930     1
       ..
973     1
75      0
599     0
1361    1
863     1
Name: Class, Length: 960, dtype: int64), and kwargs: {}
2026-01-07 13:27:31,549 - INFO - fit_model ran in: 0.1761 sec
2026-01-07 13:27:31,552 - INFO - Ran with args: (MLPClassifier(hidden_layer_sizes=(10, 20, 10), max_iter=500, random_state=101), StandardScaler(),       Image.Var  Image.Skew  Image.Curt   Entropy
194    -2.34100    12.37840     0.70403 -7.583600
622     5.04290    -0.52974     0.50439  1.106000
1063   -2.00660    -6.71900     9.01620  0.099985
390    -0.36279     8.28950    -1.92130 -3.333200
327     4.21640     9.46070    -4.92880 -5.236600
...         ...         ...         ...       ...
333     3.00090     5.81260    -2.23060 -0.665530
510     3.57700     2.40040     1.89080  0.732310
1217    0.61652     3.89440    -4.72750 -4.394800
1119   -1.43750    -1.86240     4.02600  0.551270
7       2.09220    -6.81000     8.46360 -0.602160

[412 rows x 4 columns]), and kwargs: {}
2026-01-07 13:27:31,552 - INFO - predict_model ran in: 0.0000 sec
2026-01-07 13:27:31,556 - INFO - Ran with args: (      Image.Var  Image.Skew  Image.Curt  Entropy
77     0.049175     6.14370     1.78280 -0.72113
1072  -1.366000     0.18416     0.90539  1.58060
50     4.323900    -4.88350     3.43560 -0.57760
122   -1.457200     9.12140     1.74250 -5.12410
930   -2.221400    -0.23798     0.56008  0.05602
...         ...         ...         ...      ...
973    1.230900     3.89230    -4.82770 -4.00690
75     2.306600     3.53640     0.57551  0.41938
599    3.929200    -2.91560     2.21290  0.30817
1361  -1.573200     1.06360    -0.71232 -0.83880
863    0.202160     1.91820    -3.28280 -0.61768

[960 rows x 4 columns], 77      0
1072    1
50      0
122     0
930     1
       ..
973     1
75      0
599     0
1361    1
863     1
Name: Class, Length: 960, dtype: int64), and kwargs: {}
2026-01-07 13:27:31,753 - INFO - fit_model ran in: 0.1968 sec
2026-02-18 15:09:05,700 - INFO - Ran with args: (     Image.Var  Image.Skew  Image.Curt  Entropy
0     0.049175     6.14370     1.78280 -0.72113
1    -1.366000     0.18416     0.90539  1.58060
2     4.323900    -4.88350     3.43560 -0.57760
3    -1.457200     9.12140     1.74250 -5.12410
4    -2.221400    -0.23798     0.56008  0.05602
..         ...         ...         ...      ...
955   1.230900     3.89230    -4.82770 -4.00690
956   2.306600     3.53640     0.57551  0.41938
957   3.929200    -2.91560     2.21290  0.30817
958  -1.573200     1.06360    -0.71232 -0.83880
959   0.202160     1.91820    -3.28280 -0.61768

[960 rows x 4 columns], 0      0
1      1
2      0
3      0
4      1
      ..
955    1
956    0
957    0
958    1
959    1
Name: Class, Length: 960, dtype: int64), and kwargs: {}
2026-02-18 15:09:05,860 - INFO - fit_model ran in: 0.1594 sec
2026-02-18 15:09:05,863 - INFO - Ran with args: (MLPClassifier(hidden_layer_sizes=(10, 20, 10), max_iter=500, random_state=101), StandardScaler(),      Image.Var  Image.Skew  Image.Curt   Entropy
0     -2.34100    12.37840     0.70403 -7.583600
1      5.04290    -0.52974     0.50439  1.106000
2     -2.00660    -6.71900     9.01620  0.099985
3     -0.36279     8.28950    -1.92130 -3.333200
4      4.21640     9.46070    -4.92880 -5.236600
..         ...         ...         ...       ...
407    3.00090     5.81260    -2.23060 -0.665530
408    3.57700     2.40040     1.89080  0.732310
409    0.61652     3.89440    -4.72750 -4.394800
410   -1.43750    -1.86240     4.02600  0.551270
411    2.09220    -6.81000     8.46360 -0.602160

[412 rows x 4 columns]), and kwargs: {}
2026-02-18 15:09:05,864 - INFO - predict_model ran in: 0.0005 sec
2026-02-18 15:09:05,866 - INFO - Ran with args: (     Image.Var  Image.Skew  Image.Curt  Entropy
0     0.049175     6.14370     1.78280 -0.72113
1    -1.366000     0.18416     0.90539  1.58060
2     4.323900    -4.88350     3.43560 -0.57760
3    -1.457200     9.12140     1.74250 -5.12410
4    -2.221400    -0.23798     0.56008  0.05602
..         ...         ...         ...      ...
955   1.230900     3.89230    -4.82770 -4.00690
956   2.306600     3.53640     0.57551  0.41938
957   3.929200    -2.91560     2.21290  0.30817
958  -1.573200     1.06360    -0.71232 -0.83880
959   0.202160     1.91820    -3.28280 -0.61768

[960 rows x 4 columns], 0      0
1      1
2      0
3      0
4      1
      ..
955    1
956    0
957    0
958    1
959    1
Name: Class, Length: 960, dtype: int64), and kwargs: {}
2026-02-18 15:09:06,024 - INFO - fit_model ran in: 0.1587 sec
2026-02-18 15:23:44,073 - INFO - Ran with args: (     Image.Var  Image.Skew  Image.Curt  Entropy
0     0.049175     6.14370     1.78280 -0.72113
1    -1.366000     0.18416     0.90539  1.58060
2     4.323900    -4.88350     3.43560 -0.57760
3    -1.457200     9.12140     1.74250 -5.12410
4    -2.221400    -0.23798     0.56008  0.05602
..         ...         ...         ...      ...
955   1.230900     3.89230    -4.82770 -4.00690
956   2.306600     3.53640     0.57551  0.41938
957   3.929200    -2.91560     2.21290  0.30817
958  -1.573200     1.06360    -0.71232 -0.83880
959   0.202160     1.91820    -3.28280 -0.61768

[960 rows x 4 columns], 0      0
1      1
2      0
3      0
4      1
      ..
955    1
956    0
957    0
958    1
959    1
Name: Class, Length: 960, dtype: int64), and kwargs: {}
2026-02-18 15:23:44,252 - INFO - fit_model ran in: 0.1784 sec
2026-02-18 15:23:44,255 - INFO - Ran with args: (MLPClassifier(hidden_layer_sizes=(10, 20, 10), max_iter=500, random_state=101), StandardScaler(),      Image.Var  Image.Skew  Image.Curt   Entropy
0     -2.34100    12.37840     0.70403 -7.583600
1      5.04290    -0.52974     0.50439  1.106000
2     -2.00660    -6.71900     9.01620  0.099985
3     -0.36279     8.28950    -1.92130 -3.333200
4      4.21640     9.46070    -4.92880 -5.236600
..         ...         ...         ...       ...
407    3.00090     5.81260    -2.23060 -0.665530
408    3.57700     2.40040     1.89080  0.732310
409    0.61652     3.89440    -4.72750 -4.394800
410   -1.43750    -1.86240     4.02600  0.551270
411    2.09220    -6.81000     8.46360 -0.602160

[412 rows x 4 columns]), and kwargs: {}
2026-02-18 15:23:44,256 - INFO - predict_model ran in: 0.0010 sec
2026-02-18 15:23:44,260 - INFO - Ran with args: (     Image.Var  Image.Skew  Image.Curt  Entropy
0     0.049175     6.14370     1.78280 -0.72113
1    -1.366000     0.18416     0.90539  1.58060
2     4.323900    -4.88350     3.43560 -0.57760
3    -1.457200     9.12140     1.74250 -5.12410
4    -2.221400    -0.23798     0.56008  0.05602
..         ...         ...         ...      ...
955   1.230900     3.89230    -4.82770 -4.00690
956   2.306600     3.53640     0.57551  0.41938
957   3.929200    -2.91560     2.21290  0.30817
958  -1.573200     1.06360    -0.71232 -0.83880
959   0.202160     1.91820    -3.28280 -0.61768

[960 rows x 4 columns], 0      0
1      1
2      0
3      0
4      1
      ..
955    1
956    0
957    0
958    1
959    1
Name: Class, Length: 960, dtype: int64), and kwargs: {}
2026-02-18 15:23:44,427 - INFO - fit_model ran in: 0.1669 sec
